Started GET "/" for ::1 at 2022-08-25 14:31:01 +1000
Processing by PagesController#home as HTML
  Rendering pages/home.html.erb within layouts/application
  Rendered pages/home.html.erb within layouts/application (0.7ms)
Completed 200 OK in 362ms (Views: 357.2ms | ActiveRecord: 0.0ms)


Started GET "/" for ::1 at 2022-08-25 14:33:19 +1000
Processing by PagesController#home as HTML
  Rendering pages/home.html.erb within layouts/application
  Rendered pages/home.html.erb within layouts/application (0.9ms)
Completed 200 OK in 18ms (Views: 17.2ms | ActiveRecord: 0.0ms)


Started GET "/" for ::1 at 2022-08-25 14:34:40 +1000
Processing by PagesController#home as HTML
  Rendering pages/home.html.erb within layouts/application
  Rendered pages/home.html.erb within layouts/application (0.4ms)
Completed 200 OK in 39ms (Views: 37.2ms | ActiveRecord: 0.0ms)


Started GET "/" for ::1 at 2022-08-25 14:34:48 +1000
Processing by PagesController#home as HTML
  Rendering pages/home.html.erb within layouts/application
  Rendered pages/home.html.erb within layouts/application (0.6ms)
Completed 200 OK in 32ms (Views: 30.8ms | ActiveRecord: 0.0ms)


Started GET "/" for ::1 at 2022-08-25 14:35:11 +1000
Processing by PagesController#home as HTML
  Rendering pages/home.html.erb within layouts/application
  Rendered pages/home.html.erb within layouts/application (0.7ms)
Completed 200 OK in 45ms (Views: 43.3ms | ActiveRecord: 0.0ms)


Started GET "/" for ::1 at 2022-08-25 14:35:43 +1000
Processing by PagesController#home as HTML
  Rendering pages/home.html.erb within layouts/application
  Rendered pages/home.html.erb within layouts/application (0.9ms)
Completed 200 OK in 30ms (Views: 28.4ms | ActiveRecord: 0.0ms)


Started GET "/" for ::1 at 2022-08-25 14:35:56 +1000
Processing by PagesController#home as HTML
  Rendering pages/home.html.erb within layouts/application
  Rendered pages/home.html.erb within layouts/application (0.7ms)
Completed 200 OK in 39ms (Views: 37.4ms | ActiveRecord: 0.0ms)


Started GET "/" for ::1 at 2022-08-25 14:36:09 +1000
Processing by PagesController#home as HTML
  Rendering pages/home.html.erb within layouts/application
  Rendered pages/home.html.erb within layouts/application (0.7ms)
Completed 200 OK in 43ms (Views: 42.3ms | ActiveRecord: 0.0ms)


Started GET "/" for ::1 at 2022-08-25 14:36:21 +1000
Processing by PagesController#home as HTML
  Rendering pages/home.html.erb within layouts/application
  Rendered pages/home.html.erb within layouts/application (0.5ms)
Completed 200 OK in 54ms (Views: 52.4ms | ActiveRecord: 0.0ms)


Started GET "/" for ::1 at 2022-08-25 14:37:38 +1000
Processing by PagesController#home as HTML
  Rendering pages/home.html.erb within layouts/application
  Rendered pages/home.html.erb within layouts/application (0.5ms)
Completed 200 OK in 54ms (Views: 52.0ms | ActiveRecord: 0.0ms)


Started GET "/" for ::1 at 2022-08-25 14:38:05 +1000
Processing by PagesController#home as HTML
  Rendering pages/home.html.erb within layouts/application
  Rendered pages/home.html.erb within layouts/application (0.7ms)
Completed 200 OK in 45ms (Views: 43.5ms | ActiveRecord: 0.0ms)


Started GET "/" for ::1 at 2022-08-25 14:38:45 +1000
Processing by PagesController#home as HTML
  Rendering pages/home.html.erb within layouts/application
  Rendered pages/home.html.erb within layouts/application (0.8ms)
Completed 200 OK in 44ms (Views: 42.7ms | ActiveRecord: 0.0ms)


Started GET "/" for ::1 at 2022-08-25 14:38:59 +1000
Processing by PagesController#home as HTML
  Rendering pages/home.html.erb within layouts/application
  Rendered pages/home.html.erb within layouts/application (0.8ms)
Completed 200 OK in 36ms (Views: 34.9ms | ActiveRecord: 0.0ms)


Started GET "/" for ::1 at 2022-08-25 14:39:18 +1000
Processing by PagesController#home as HTML
  Rendering pages/home.html.erb within layouts/application
  Rendered pages/home.html.erb within layouts/application (0.7ms)
Completed 200 OK in 36ms (Views: 34.9ms | ActiveRecord: 0.0ms)


Started GET "/" for ::1 at 2022-08-25 14:40:05 +1000
Processing by PagesController#home as HTML
  Rendering pages/home.html.erb within layouts/application
  Rendered pages/home.html.erb within layouts/application (0.5ms)
Completed 200 OK in 39ms (Views: 37.3ms | ActiveRecord: 0.0ms)


Started GET "/" for ::1 at 2022-08-25 14:41:19 +1000
Processing by PagesController#home as HTML
  Rendering pages/home.html.erb within layouts/application
  Rendered pages/home.html.erb within layouts/application (0.6ms)
Completed 200 OK in 34ms (Views: 33.2ms | ActiveRecord: 0.0ms)


Started GET "/" for ::1 at 2022-08-25 14:42:10 +1000
Processing by PagesController#home as HTML
  Rendering pages/home.html.erb within layouts/application
  Rendered pages/home.html.erb within layouts/application (0.9ms)
Completed 200 OK in 38ms (Views: 36.9ms | ActiveRecord: 0.0ms)


Started GET "/" for ::1 at 2022-08-25 14:42:28 +1000
Processing by PagesController#home as HTML
  Rendering pages/home.html.erb within layouts/application
  Rendered pages/home.html.erb within layouts/application (0.5ms)
Completed 200 OK in 37ms (Views: 36.3ms | ActiveRecord: 0.0ms)


Started GET "/" for ::1 at 2022-08-25 14:42:35 +1000
Processing by PagesController#home as HTML
  Rendering pages/home.html.erb within layouts/application
  Rendered pages/home.html.erb within layouts/application (0.7ms)
Completed 200 OK in 44ms (Views: 42.7ms | ActiveRecord: 0.0ms)


Started GET "/" for ::1 at 2022-08-25 14:44:25 +1000
Processing by PagesController#home as HTML
  Rendering pages/home.html.erb within layouts/application
  Rendered pages/home.html.erb within layouts/application (0.7ms)
Completed 200 OK in 37ms (Views: 35.4ms | ActiveRecord: 0.0ms)


Started GET "/" for ::1 at 2022-08-25 14:44:25 +1000
Processing by PagesController#home as HTML
  Rendering pages/home.html.erb within layouts/application
  Rendered pages/home.html.erb within layouts/application (0.4ms)
Completed 200 OK in 11ms (Views: 10.3ms | ActiveRecord: 0.0ms)


Started GET "/" for ::1 at 2022-08-25 14:46:30 +1000
Processing by PagesController#home as HTML
  Rendering pages/home.html.erb within layouts/application
  Rendered pages/home.html.erb within layouts/application (0.3ms)
Completed 200 OK in 37ms (Views: 35.0ms | ActiveRecord: 0.0ms)


Started GET "/" for ::1 at 2022-08-25 14:46:44 +1000
Processing by PagesController#home as HTML
  Rendering pages/home.html.erb within layouts/application
  Rendered pages/home.html.erb within layouts/application (0.7ms)
Completed 200 OK in 40ms (Views: 38.3ms | ActiveRecord: 0.0ms)


Started GET "/" for ::1 at 2022-08-25 14:46:52 +1000
Processing by PagesController#home as HTML
  Rendering pages/home.html.erb within layouts/application
  Rendered pages/home.html.erb within layouts/application (0.3ms)
Completed 200 OK in 16ms (Views: 14.3ms | ActiveRecord: 0.0ms)


Started GET "/" for ::1 at 2022-08-25 14:48:17 +1000
Processing by PagesController#home as HTML
  Rendering pages/home.html.erb within layouts/application
  Rendered pages/home.html.erb within layouts/application (0.4ms)
Completed 200 OK in 30ms (Views: 28.0ms | ActiveRecord: 0.0ms)


Started GET "/" for ::1 at 2022-08-25 14:48:58 +1000
Processing by PagesController#home as HTML
  Rendering pages/home.html.erb within layouts/application
  Rendered pages/home.html.erb within layouts/application (0.4ms)
Completed 200 OK in 33ms (Views: 32.1ms | ActiveRecord: 0.0ms)


Started GET "/" for ::1 at 2022-08-25 14:49:19 +1000
Processing by PagesController#home as HTML
  Rendering pages/home.html.erb within layouts/application
  Rendered pages/home.html.erb within layouts/application (0.7ms)
Completed 200 OK in 47ms (Views: 45.6ms | ActiveRecord: 0.0ms)


Started GET "/" for ::1 at 2022-08-25 14:49:20 +1000
Processing by PagesController#home as HTML
  Rendering pages/home.html.erb within layouts/application
  Rendered pages/home.html.erb within layouts/application (0.4ms)
Completed 200 OK in 11ms (Views: 9.8ms | ActiveRecord: 0.0ms)


Started GET "/" for ::1 at 2022-08-25 14:52:02 +1000
Processing by PagesController#home as HTML
  Rendering pages/home.html.erb within layouts/application
  Rendered pages/home.html.erb within layouts/application (0.4ms)
Completed 200 OK in 42ms (Views: 41.2ms | ActiveRecord: 0.0ms)


Started GET "/" for ::1 at 2022-08-25 14:52:43 +1000
Processing by PagesController#home as HTML
  Rendering pages/home.html.erb within layouts/application
  Rendered pages/home.html.erb within layouts/application (0.4ms)
Completed 200 OK in 60ms (Views: 58.3ms | ActiveRecord: 0.0ms)


Started GET "/" for ::1 at 2022-08-25 14:52:57 +1000
Processing by PagesController#home as HTML
  Rendering pages/home.html.erb within layouts/application
  Rendered pages/home.html.erb within layouts/application (0.4ms)
Completed 200 OK in 59ms (Views: 57.3ms | ActiveRecord: 0.0ms)


Started GET "/" for ::1 at 2022-08-25 14:53:21 +1000
Processing by PagesController#home as HTML
  Rendering pages/home.html.erb within layouts/application
  Rendered pages/home.html.erb within layouts/application (0.7ms)
Completed 200 OK in 41ms (Views: 39.8ms | ActiveRecord: 0.0ms)


Started GET "/" for ::1 at 2022-08-25 14:54:02 +1000
Processing by PagesController#home as HTML
  Rendering pages/home.html.erb within layouts/application
  Rendered pages/home.html.erb within layouts/application (0.7ms)
Completed 200 OK in 49ms (Views: 47.5ms | ActiveRecord: 0.0ms)


Started GET "/" for ::1 at 2022-08-25 14:55:04 +1000
Processing by PagesController#home as HTML
  Rendering pages/home.html.erb within layouts/application
  Rendered pages/home.html.erb within layouts/application (0.5ms)
Completed 200 OK in 43ms (Views: 41.5ms | ActiveRecord: 0.0ms)


Started GET "/" for ::1 at 2022-08-25 14:55:08 +1000
Processing by PagesController#home as HTML
  Rendering pages/home.html.erb within layouts/application
  Rendered pages/home.html.erb within layouts/application (0.7ms)
Completed 200 OK in 18ms (Views: 17.5ms | ActiveRecord: 0.0ms)


Started GET "/" for ::1 at 2022-08-25 14:56:07 +1000
Processing by PagesController#home as HTML
  Rendering pages/home.html.erb within layouts/application
  Rendered pages/home.html.erb within layouts/application (0.3ms)
Completed 200 OK in 35ms (Views: 34.1ms | ActiveRecord: 0.0ms)


Started GET "/" for ::1 at 2022-08-25 14:56:10 +1000
Processing by PagesController#home as HTML
  Rendering pages/home.html.erb within layouts/application
  Rendered pages/home.html.erb within layouts/application (0.7ms)
Completed 200 OK in 21ms (Views: 18.9ms | ActiveRecord: 0.0ms)


Started GET "/" for ::1 at 2022-08-25 14:56:11 +1000
Processing by PagesController#home as HTML
  Rendering pages/home.html.erb within layouts/application
  Rendered pages/home.html.erb within layouts/application (0.6ms)
Completed 200 OK in 18ms (Views: 16.4ms | ActiveRecord: 0.0ms)


Started GET "/" for ::1 at 2022-08-25 14:56:11 +1000
Processing by PagesController#home as HTML
  Rendering pages/home.html.erb within layouts/application
  Rendered pages/home.html.erb within layouts/application (0.6ms)
Completed 200 OK in 15ms (Views: 14.2ms | ActiveRecord: 0.0ms)


Started GET "/" for ::1 at 2022-08-25 14:56:42 +1000
Processing by PagesController#home as HTML
  Rendering pages/home.html.erb within layouts/application
  Rendered pages/home.html.erb within layouts/application (0.4ms)
Completed 200 OK in 66ms (Views: 65.2ms | ActiveRecord: 0.0ms)


